<?xml version="1.0" encoding="UTF-8"?>
<testsuite xmlns:xsi="http://www.w3.org/2001/XMLSchema-instance" xsi:noNamespaceSchemaLocation="https://maven.apache.org/surefire/maven-surefire-plugin/xsd/surefire-test-report-3.0.xsd" version="3.0" name="com.OA.system.OaApprovalSystemApplicationTests" time="19.231" tests="1" errors="0" skipped="0" failures="0">
  <properties>
[...]
</properties>
  <testcase name="contextLoads" classname="com.OA.system.OaApprovalSystemApplicationTests" time="4.129">
    <system-out><![CDATA[17:59:02.830 [main] INFO org.springframework.test.context.support.AnnotationConfigContextLoaderUtils -- Could not detect default configuration classes for test class [com.OA.system.OaApprovalSystemApplicationTests]: OaApprovalSystemApplicationTests does not declare any static, non-private, non-final, nested classes annotated with @Configuration.
17:59:02.979 [main] INFO org.springframework.boot.test.context.SpringBootTestContextBootstrapper -- Found @SpringBootConfiguration com.OA.system.OaApprovalSystemApplication for test class com.OA.system.OaApprovalSystemApplicationTests
17:59:03.232 [main] INFO org.springframework.boot.devtools.restart.RestartApplicationListener -- Restart disabled due to context in which it is running

  .   ____          _            __ _ _
 /\\ / ___'_ __ _ _(_)_ __  __ _ \ \ \ \
( ( )\___ | '_ | '_| | '_ \/ _` | \ \ \ \
 \\/  ___)| |_)| | | | | || (_| |  ) ) ) )
  '  |____| .__|_| |_|_| |_\__, | / / / /
 =========|_|==============|___/=/_/_/_/
 :: Spring Boot ::                (v3.1.5)

2026-01-22T17:59:03.688+08:00  INFO 8132 --- [           main] c.O.s.OaApprovalSystemApplicationTests   : Starting OaApprovalSystemApplicationTests using Java 17.0.17 with PID 8132 (started by PC in E:\OA-approval-system)
2026-01-22T17:59:03.690+08:00  INFO 8132 --- [           main] c.O.s.OaApprovalSystemApplicationTests   : No active profile set, falling back to 1 default profile: "default"
2026-01-22T17:59:04.916+08:00  INFO 8132 --- [           main] .s.d.r.c.RepositoryConfigurationDelegate : Multiple Spring Data modules found, entering strict repository configuration mode
2026-01-22T17:59:04.919+08:00  INFO 8132 --- [           main] .s.d.r.c.RepositoryConfigurationDelegate : Bootstrapping Spring Data JPA repositories in DEFAULT mode.
2026-01-22T17:59:05.143+08:00  INFO 8132 --- [           main] .s.d.r.c.RepositoryConfigurationDelegate : Finished Spring Data repository scanning in 213 ms. Found 3 JPA repository interfaces.
2026-01-22T17:59:05.172+08:00  INFO 8132 --- [           main] .s.d.r.c.RepositoryConfigurationDelegate : Multiple Spring Data modules found, entering strict repository configuration mode
2026-01-22T17:59:05.174+08:00  INFO 8132 --- [           main] .s.d.r.c.RepositoryConfigurationDelegate : Bootstrapping Spring Data Redis repositories in DEFAULT mode.
2026-01-22T17:59:05.197+08:00  INFO 8132 --- [           main] .RepositoryConfigurationExtensionSupport : Spring Data Redis - Could not safely identify store assignment for repository candidate interface com.OA.system.repository.LeaveApplyRepository; If you want this repository to be a Redis repository, consider annotating your entities with one of these annotations: org.springframework.data.redis.core.RedisHash (preferred), or consider extending one of the following types with your repository: org.springframework.data.keyvalue.repository.KeyValueRepository
2026-01-22T17:59:05.197+08:00  INFO 8132 --- [           main] .RepositoryConfigurationExtensionSupport : Spring Data Redis - Could not safely identify store assignment for repository candidate interface com.OA.system.repository.RoleRepository; If you want this repository to be a Redis repository, consider annotating your entities with one of these annotations: org.springframework.data.redis.core.RedisHash (preferred), or consider extending one of the following types with your repository: org.springframework.data.keyvalue.repository.KeyValueRepository
2026-01-22T17:59:05.197+08:00  INFO 8132 --- [           main] .RepositoryConfigurationExtensionSupport : Spring Data Redis - Could not safely identify store assignment for repository candidate interface com.OA.system.repository.UserRepository; If you want this repository to be a Redis repository, consider annotating your entities with one of these annotations: org.springframework.data.redis.core.RedisHash (preferred), or consider extending one of the following types with your repository: org.springframework.data.keyvalue.repository.KeyValueRepository
2026-01-22T17:59:05.198+08:00  INFO 8132 --- [           main] .s.d.r.c.RepositoryConfigurationDelegate : Finished Spring Data repository scanning in 10 ms. Found 0 Redis repository interfaces.
2026-01-22T17:59:05.639+08:00  INFO 8132 --- [           main] c.g.y.a.MybatisPlusJoinAutoConfiguration : MPJ SqlSessionFactory bean definition: sqlSessionFactory factoryBeanName: com.baomidou.mybatisplus.autoconfigure.MybatisPlusAutoConfiguration factoryMethodName: sqlSessionFactory source: com.baomidou.mybatisplus.autoconfigure.MybatisPlusAutoConfiguration.sqlSessionFactory(javax.sql.DataSource)
2026-01-22T17:59:06.128+08:00  INFO 8132 --- [           main] o.hibernate.jpa.internal.util.LogHelper  : HHH000204: Processing PersistenceUnitInfo [name: default]
2026-01-22T17:59:06.359+08:00  INFO 8132 --- [           main] org.hibernate.Version                    : HHH000412: Hibernate ORM core version 6.2.13.Final
2026-01-22T17:59:06.367+08:00  INFO 8132 --- [           main] org.hibernate.cfg.Environment            : HHH000406: Using bytecode reflection optimizer
2026-01-22T17:59:06.973+08:00  INFO 8132 --- [           main] o.s.o.j.p.SpringPersistenceUnitInfo      : No LoadTimeWeaver setup: ignoring JPA class transformer
2026-01-22T17:59:07.018+08:00  INFO 8132 --- [           main] com.zaxxer.hikari.HikariDataSource       : HikariPool-1 - Starting...
2026-01-22T17:59:07.344+08:00  INFO 8132 --- [           main] com.zaxxer.hikari.pool.HikariPool        : HikariPool-1 - Added connection com.mysql.cj.jdbc.ConnectionImpl@6e017950
2026-01-22T17:59:07.347+08:00  INFO 8132 --- [           main] com.zaxxer.hikari.HikariDataSource       : HikariPool-1 - Start completed.
2026-01-22T17:59:08.812+08:00  INFO 8132 --- [           main] o.h.e.t.j.p.i.JtaPlatformInitiator       : HHH000489: No JTA platform available (set 'hibernate.transaction.jta.platform' to enable JTA platform integration)
2026-01-22T17:59:09.328+08:00  INFO 8132 --- [           main] j.LocalContainerEntityManagerFactoryBean : Initialized JPA EntityManagerFactory for persistence unit 'default'
2026-01-22T17:59:10.020+08:00  INFO 8132 --- [           main] o.s.d.j.r.query.QueryEnhancerFactory     : JSqlParser is in classpath; If applicable, JSqlParser will be used
2026-01-22T17:59:10.020+08:00  INFO 8132 --- [           main] o.s.d.j.r.query.QueryEnhancerFactory     : Hibernate is in classpath; If applicable, HQL parser will be used.
2026-01-22T17:59:11.090+08:00  INFO 8132 --- [           main] o.f.s.b.e.EventRegistryAutoConfiguration : No deployment resources were found for autodeployment
2026-01-22T17:59:11.686+08:00  INFO 8132 --- [           main] o.f.s.SpringProcessEngineConfiguration   : Found 2 Engine Configurators in total:
2026-01-22T17:59:11.686+08:00  INFO 8132 --- [           main] o.f.s.SpringProcessEngineConfiguration   : class org.flowable.eventregistry.spring.configurator.SpringEventRegistryConfigurator (priority:100000)
2026-01-22T17:59:11.686+08:00  INFO 8132 --- [           main] o.f.s.SpringProcessEngineConfiguration   : class org.flowable.idm.engine.configurator.IdmEngineConfigurator (priority:150000)
2026-01-22T17:59:11.686+08:00  INFO 8132 --- [           main] o.f.s.SpringProcessEngineConfiguration   : Executing beforeInit() of class org.flowable.eventregistry.spring.configurator.SpringEventRegistryConfigurator (priority:100000)
2026-01-22T17:59:11.725+08:00  INFO 8132 --- [           main] o.f.s.SpringProcessEngineConfiguration   : Executing beforeInit() of class org.flowable.idm.engine.configurator.IdmEngineConfigurator (priority:150000)
2026-01-22T17:59:13.982+08:00  INFO 8132 --- [           main] o.f.s.SpringProcessEngineConfiguration   : Executing configure() of class org.flowable.eventregistry.spring.configurator.SpringEventRegistryConfigurator (priority:100000)
2026-01-22T17:59:14.679+08:00  INFO 8132 --- [           main] liquibase.changelog                      : Reading from base.FLW_EV_DATABASECHANGELOG
2026-01-22T17:59:14.688+08:00  INFO 8132 --- [           main] liquibase.executor                       : Changelog query completed.
2026-01-22T17:59:14.735+08:00  INFO 8132 --- [           main] o.f.e.impl.EventRegistryEngineImpl       : EventRegistryEngine default created
2026-01-22T17:59:14.736+08:00  INFO 8132 --- [           main] o.f.s.SpringProcessEngineConfiguration   : Executing configure() of class org.flowable.idm.engine.configurator.IdmEngineConfigurator (priority:150000)
2026-01-22T17:59:14.776+08:00  INFO 8132 --- [           main] o.f.idm.engine.impl.IdmEngineImpl        : IdmEngine default created
2026-01-22T17:59:14.923+08:00  INFO 8132 --- [           main] o.f.engine.impl.ProcessEngineImpl        : ProcessEngine default created
2026-01-22T17:59:14.966+08:00  INFO 8132 --- [           main] o.f.e.impl.cmd.ValidateV5EntitiesCmd     : Total of v5 deployments found: 0
Logging initialized using 'class org.apache.ibatis.logging.stdout.StdOutImpl' adapter.
2026-01-22T17:59:15.143+08:00  INFO 8132 --- [           main] c.g.y.a.MybatisPlusJoinAutoConfiguration : mybatis plus join properties config complete
2026-01-22T17:59:15.178+08:00  INFO 8132 --- [           main] c.g.y.a.MybatisPlusJoinAutoConfiguration : mybatis plus join SqlInjector init
Registered plugin: 'com.github.yulichang.interceptor.MPJInterceptor@7491ccdf'
Property 'mapperLocations' was not specified.
Get /192.168.1.4 network interface 
Get network interface info: name:wlan0 (Realtek 8812BU Wireless LAN 802.11ac USB NIC)
Initialization Sequence datacenterId:16 workerId:29
 _ _   |_  _ _|_. ___ _ |    _ 
| | |\/|_)(_| | |_\  |_)||_|_\ 
     /               |         
                        3.5.7 
2026-01-22T17:59:15.782+08:00  WARN 8132 --- [           main] JpaBaseConfiguration$JpaWebConfiguration : spring.jpa.open-in-view is enabled by default. Therefore, database queries may be performed during view rendering. Explicitly configure spring.jpa.open-in-view to disable this warning
2026-01-22T17:59:16.005+08:00  INFO 8132 --- [           main] o.s.s.web.DefaultSecurityFilterChain     : Will secure any request with [org.springframework.security.web.session.DisableEncodeUrlFilter@486cb71f, org.springframework.security.web.context.request.async.WebAsyncManagerIntegrationFilter@12bcedf8, org.springframework.security.web.context.SecurityContextHolderFilter@49443539, org.springframework.security.web.header.HeaderWriterFilter@2adad906, org.springframework.security.web.csrf.CsrfFilter@592e29ae, org.springframework.security.web.authentication.logout.LogoutFilter@2465e8be, org.springframework.security.web.authentication.UsernamePasswordAuthenticationFilter@25370af5, org.springframework.security.web.savedrequest.RequestCacheAwareFilter@97f2dbb, org.springframework.security.web.servletapi.SecurityContextHolderAwareRequestFilter@822e8a1, org.springframework.security.web.authentication.rememberme.RememberMeAuthenticationFilter@1f8825a, org.springframework.security.web.authentication.AnonymousAuthenticationFilter@579347a7, org.springframework.security.web.access.ExceptionTranslationFilter@18269eaf, org.springframework.security.web.access.intercept.AuthorizationFilter@d7b38cf]
2026-01-22T17:59:16.399+08:00  INFO 8132 --- [           main] o.s.b.a.w.s.WelcomePageHandlerMapping    : Adding welcome page: class path resource [templates/index.html]
 _ _   |_  _ _|_. ___ _ |    _  .  _  .  _  
| | |\/|_)(_| | |_\  |_)||_|_\  | (_) | | | 
     /               |          /
                                    1.5.3
2026-01-22T17:59:17.599+08:00  INFO 8132 --- [           main] o.f.s.c.DefaultAutoDeploymentStrategy    : Deploying resources [file [E:\OA-approval-system\target\classes\processes\leave-demo.bpmn20.xml]] for engine org.flowable.engine.impl.ProcessEngineImpl@553f3655 deployment name hint SpringBootAutoDeployment
2026-01-22T17:59:17.631+08:00  INFO 8132 --- [           main] c.O.s.OaApprovalSystemApplicationTests   : Started OaApprovalSystemApplicationTests in 14.419 seconds (process running for 15.849)
]]></system-out>
  </testcase>
</testsuite>