<?xml version="1.0" encoding="UTF-8"?>
<testsuite xmlns:xsi="http://www.w3.org/2001/XMLSchema-instance" xsi:noNamespaceSchemaLocation="https://maven.apache.org/surefire/maven-surefire-plugin/xsd/surefire-test-report-3.0.xsd" version="3.0" name="com.OA.system.OaApprovalSystemApplicationTests" time="12.514" tests="1" errors="0" skipped="0" failures="0">
  <properties>
[...]
</properties>
  <testcase name="contextLoads" classname="com.OA.system.OaApprovalSystemApplicationTests" time="3.758">
    <system-out><![CDATA[16:07:03.459 [main] INFO org.springframework.test.context.support.AnnotationConfigContextLoaderUtils -- Could not detect default configuration classes for test class [com.OA.system.OaApprovalSystemApplicationTests]: OaApprovalSystemApplicationTests does not declare any static, non-private, non-final, nested classes annotated with @Configuration.
16:07:03.601 [main] INFO org.springframework.boot.test.context.SpringBootTestContextBootstrapper -- Found @SpringBootConfiguration com.OA.system.OaApprovalSystemApplication for test class com.OA.system.OaApprovalSystemApplicationTests
16:07:03.845 [main] INFO org.springframework.boot.devtools.restart.RestartApplicationListener -- Restart disabled due to context in which it is running

  .   ____          _            __ _ _
 /\\ / ___'_ __ _ _(_)_ __  __ _ \ \ \ \
( ( )\___ | '_ | '_| | '_ \/ _` | \ \ \ \
 \\/  ___)| |_)| | | | | || (_| |  ) ) ) )
  '  |____| .__|_| |_|_| |_\__, | / / / /
 =========|_|==============|___/=/_/_/_/
 :: Spring Boot ::                (v3.1.5)

2026-01-22T16:07:04.248+08:00  INFO 20528 --- [           main] c.O.s.OaApprovalSystemApplicationTests   : Starting OaApprovalSystemApplicationTests using Java 17.0.17 with PID 20528 (started by PC in E:\OA-approval-system)
2026-01-22T16:07:04.250+08:00  INFO 20528 --- [           main] c.O.s.OaApprovalSystemApplicationTests   : No active profile set, falling back to 1 default profile: "default"
2026-01-22T16:07:05.189+08:00  INFO 20528 --- [           main] .s.d.r.c.RepositoryConfigurationDelegate : Bootstrapping Spring Data JPA repositories in DEFAULT mode.
2026-01-22T16:07:05.272+08:00  INFO 20528 --- [           main] .s.d.r.c.RepositoryConfigurationDelegate : Finished Spring Data repository scanning in 70 ms. Found 2 JPA repository interfaces.
2026-01-22T16:07:05.662+08:00  INFO 20528 --- [           main] c.g.y.a.MybatisPlusJoinAutoConfiguration : MPJ SqlSessionFactory bean definition: sqlSessionFactory factoryBeanName: com.baomidou.mybatisplus.autoconfigure.MybatisPlusAutoConfiguration factoryMethodName: sqlSessionFactory source: com.baomidou.mybatisplus.autoconfigure.MybatisPlusAutoConfiguration.sqlSessionFactory(javax.sql.DataSource)
2026-01-22T16:07:06.004+08:00  INFO 20528 --- [           main] com.zaxxer.hikari.HikariDataSource       : HikariPool-1 - Starting...
2026-01-22T16:07:06.466+08:00  INFO 20528 --- [           main] com.zaxxer.hikari.pool.HikariPool        : HikariPool-1 - Added connection com.mysql.cj.jdbc.ConnectionImpl@6c2a95d5
2026-01-22T16:07:06.470+08:00  INFO 20528 --- [           main] com.zaxxer.hikari.HikariDataSource       : HikariPool-1 - Start completed.
2026-01-22T16:07:06.537+08:00  INFO 20528 --- [           main] o.hibernate.jpa.internal.util.LogHelper  : HHH000204: Processing PersistenceUnitInfo [name: default]
2026-01-22T16:07:06.634+08:00  INFO 20528 --- [           main] org.hibernate.Version                    : HHH000412: Hibernate ORM core version 6.2.13.Final
2026-01-22T16:07:06.637+08:00  INFO 20528 --- [           main] org.hibernate.cfg.Environment            : HHH000406: Using bytecode reflection optimizer
2026-01-22T16:07:07.175+08:00  INFO 20528 --- [           main] o.s.o.j.p.SpringPersistenceUnitInfo      : No LoadTimeWeaver setup: ignoring JPA class transformer
2026-01-22T16:07:08.503+08:00  INFO 20528 --- [           main] o.h.e.t.j.p.i.JtaPlatformInitiator       : HHH000489: No JTA platform available (set 'hibernate.transaction.jta.platform' to enable JTA platform integration)
2026-01-22T16:07:08.507+08:00  INFO 20528 --- [           main] j.LocalContainerEntityManagerFactoryBean : Initialized JPA EntityManagerFactory for persistence unit 'default'
2026-01-22T16:07:09.206+08:00  INFO 20528 --- [           main] o.s.d.j.r.query.QueryEnhancerFactory     : JSqlParser is in classpath; If applicable, JSqlParser will be used
2026-01-22T16:07:09.206+08:00  INFO 20528 --- [           main] o.s.d.j.r.query.QueryEnhancerFactory     : Hibernate is in classpath; If applicable, HQL parser will be used.
Logging initialized using 'class org.apache.ibatis.logging.stdout.StdOutImpl' adapter.
2026-01-22T16:07:10.175+08:00  INFO 20528 --- [           main] c.g.y.a.MybatisPlusJoinAutoConfiguration : mybatis plus join properties config complete
2026-01-22T16:07:10.207+08:00  INFO 20528 --- [           main] c.g.y.a.MybatisPlusJoinAutoConfiguration : mybatis plus join SqlInjector init
Registered plugin: 'com.github.yulichang.interceptor.MPJInterceptor@1be15455'
Property 'mapperLocations' was not specified.
Get /192.168.1.4 network interface 
Get network interface info: name:wlan0 (Realtek 8812BU Wireless LAN 802.11ac USB NIC)
Initialization Sequence datacenterId:16 workerId:24
 _ _   |_  _ _|_. ___ _ |    _ 
| | |\/|_)(_| | |_\  |_)||_|_\ 
     /               |         
                        3.5.7 
2026-01-22T16:07:10.893+08:00  WARN 20528 --- [           main] JpaBaseConfiguration$JpaWebConfiguration : spring.jpa.open-in-view is enabled by default. Therefore, database queries may be performed during view rendering. Explicitly configure spring.jpa.open-in-view to disable this warning
2026-01-22T16:07:11.192+08:00  INFO 20528 --- [           main] o.s.s.web.DefaultSecurityFilterChain     : Will secure any request with [org.springframework.security.web.session.DisableEncodeUrlFilter@3110bb19, org.springframework.security.web.context.request.async.WebAsyncManagerIntegrationFilter@1be6c991, org.springframework.security.web.context.SecurityContextHolderFilter@8be84bf, org.springframework.security.web.header.HeaderWriterFilter@1828eff, org.springframework.security.web.csrf.CsrfFilter@35be9318, org.springframework.security.web.authentication.logout.LogoutFilter@794daa09, org.springframework.security.web.authentication.UsernamePasswordAuthenticationFilter@766534b0, org.springframework.security.web.savedrequest.RequestCacheAwareFilter@aee3d6e, org.springframework.security.web.servletapi.SecurityContextHolderAwareRequestFilter@57e6f449, org.springframework.security.web.authentication.rememberme.RememberMeAuthenticationFilter@1077a7, org.springframework.security.web.authentication.AnonymousAuthenticationFilter@18482805, org.springframework.security.web.access.ExceptionTranslationFilter@5d0ea2af, org.springframework.security.web.access.intercept.AuthorizationFilter@4f142cbd]
2026-01-22T16:07:11.595+08:00  INFO 20528 --- [           main] o.s.b.a.w.s.WelcomePageHandlerMapping    : Adding welcome page: class path resource [templates/index.html]
 _ _   |_  _ _|_. ___ _ |    _  .  _  .  _  
| | |\/|_)(_| | |_\  |_)||_|_\  | (_) | | | 
     /               |          /
                                    1.5.3
2026-01-22T16:07:11.916+08:00  INFO 20528 --- [           main] c.O.s.OaApprovalSystemApplicationTests   : Started OaApprovalSystemApplicationTests in 8.09 seconds (process running for 9.441)
]]></system-out>
  </testcase>
</testsuite>